#
# There is insufficient memory for the Java Runtime Environment to continue.
# Native memory allocation (mmap) failed to map 65536 bytes for Failed to commit metaspace.
# Possible reasons:
#   The system is out of physical RAM or swap space
#   The process is running with CompressedOops enabled, and the Java Heap may be blocking the growth of the native heap
# Possible solutions:
#   Reduce memory load on the system
#   Increase physical memory or swap space
#   Check if swap backing store is full
#   Decrease Java heap size (-Xmx/-Xms)
#   Decrease number of Java threads
#   Decrease Java thread stack sizes (-Xss)
#   Set larger code cache with -XX:ReservedCodeCacheSize=
#   JVM is running with Unscaled Compressed Oops mode in which the Java heap is
#     placed in the first 4GB address space. The Java Heap base address is the
#     maximum limit for the native heap growth. Please use -XX:HeapBaseMinAddress
#     to set the Java Heap base and to place the Java Heap above 4GB virtual address.
# This output file may be truncated or incomplete.
#
#  Out of Memory Error (virtualSpaceNode.cpp:110), pid=11668, tid=19672
#
# JRE version: Java(TM) SE Runtime Environment (19.0.2+7) (build 19.0.2+7-44)
# Java VM: Java HotSpot(TM) 64-Bit Server VM (19.0.2+7-44, mixed mode, sharing, tiered, compressed oops, compressed class ptrs, g1 gc, windows-amd64)
# No core dump will be written. Minidumps are not enabled by default on client versions of Windows
#

---------------  S U M M A R Y ------------

Command Line: -Xmx64m -Xms64m -Dorg.gradle.appname=gradlew org.gradle.wrapper.GradleWrapperMain tasks

Host: Intel(R) Core(TM) i7-5500U CPU @ 2.40GHz, 4 cores, 7G,  Windows 10 , 64 bit Build 19041 (10.0.19041.3570)
Time: Sun Nov 12 13:28:04 2023 SE Asia Standard Time elapsed time: 2.415859 seconds (0d 0h 0m 2s)

---------------  T H R E A D  ---------------

Current thread (0x0000015c8c7ef120):  JavaThread "main" [_thread_in_vm, id=19672, stack(0x00000057db200000,0x00000057db300000)]

Stack: [0x00000057db200000,0x00000057db300000]
Native frames: (J=compiled Java code, j=interpreted, Vv=VM code, C=native code)
V  [jvm.dll+0x6ee21a]
V  [jvm.dll+0x85765e]
V  [jvm.dll+0x85904e]
V  [jvm.dll+0x859703]
V  [jvm.dll+0x28298f]
V  [jvm.dll+0x8532db]
V  [jvm.dll+0x692cb6]
V  [jvm.dll+0x692d1a]
V  [jvm.dll+0x695613]
V  [jvm.dll+0x6954de]
V  [jvm.dll+0x6936de]
V  [jvm.dll+0x2801cc]
V  [jvm.dll+0x7432cd]
V  [jvm.dll+0x743ccf]
V  [jvm.dll+0x3c999e]
V  [jvm.dll+0x3c8b14]
V  [jvm.dll+0x3c8ab8]
V  [jvm.dll+0x3e349b]
V  [jvm.dll+0x30ba5d]
V  [jvm.dll+0x30bc5c]
V  [jvm.dll+0x30bd99]
V  [jvm.dll+0x3eb957]
V  [jvm.dll+0x3c4061]
V  [jvm.dll+0x3c9048]
V  [jvm.dll+0x3c8ab8]
V  [jvm.dll+0x5cf569]
V  [jvm.dll+0x5ce464]
V  [jvm.dll+0x3ddda7]
V  [jvm.dll+0x3dd3ff]
C  0x0000015c9bcbc197

Java frames: (J=compiled Java code, j=interpreted, Vv=VM code)
j  org.gradle.internal.service.DefaultServiceRegistry$OwnServices.<init>(Lorg/gradle/internal/service/DefaultServiceRegistry;)V+29
j  org.gradle.internal.service.DefaultServiceRegistry.<init>(Ljava/lang/String;[Lorg/gradle/internal/service/ServiceRegistry;)V+29
j  org.gradle.internal.service.DefaultServiceRegistry.<init>()V+5
j  org.gradle.internal.logging.services.LoggingServiceRegistry.<init>()V+1
j  org.gradle.internal.logging.services.LoggingServiceRegistry$CommandLineLogging.<init>()V+1
j  org.gradle.internal.logging.services.LoggingServiceRegistry$CommandLineLogging.<init>(Lorg/gradle/internal/logging/services/LoggingServiceRegistry$1;)V+1
j  org.gradle.internal.logging.services.LoggingServiceRegistry.newCommandLineProcessLogging()Lorg/gradle/internal/logging/services/LoggingServiceRegistry;+5
j  org.gradle.launcher.cli.DefaultCommandLineActionFactory.createLoggingServices()Lorg/gradle/internal/service/ServiceRegistry;+0
j  org.gradle.launcher.cli.DefaultCommandLineActionFactory.convert(Ljava/util/List;)Lorg/gradle/launcher/bootstrap/CommandLineActionFactory$CommandLineExecution;+1
j  org.gradle.launcher.Main.doAction([Ljava/lang/String;Lorg/gradle/launcher/bootstrap/ExecutionListener;)V+8
j  org.gradle.launcher.bootstrap.EntryPoint.run([Ljava/lang/String;)V+12
j  java.lang.invoke.DirectMethodHandle$Holder.invokeVirtual(Ljava/lang/Object;Ljava/lang/Object;Ljava/lang/Object;)V+11 java.base@19.0.2
j  java.lang.invoke.LambdaForm$MH+0x0000000801012800.invoke(Ljava/lang/Object;Ljava/lang/Object;Ljava/lang/Object;)Ljava/lang/Object;+52 java.base@19.0.2
j  java.lang.invoke.Invokers$Holder.invokeExact_MT(Ljava/lang/Object;Ljava/lang/Object;Ljava/lang/Object;Ljava/lang/Object;)Ljava/lang/Object;+20 java.base@19.0.2
j  jdk.internal.reflect.DirectMethodHandleAccessor.invokeImpl(Ljava/lang/Object;[Ljava/lang/Object;)Ljava/lang/Object;+55 java.base@19.0.2
j  jdk.internal.reflect.DirectMethodHandleAccessor.invoke(Ljava/lang/Object;[Ljava/lang/Object;)Ljava/lang/Object;+23 java.base@19.0.2
j  java.lang.reflect.Method.invoke(Ljava/lang/Object;[Ljava/lang/Object;)Ljava/lang/Object;+102 java.base@19.0.2
j  org.gradle.launcher.bootstrap.ProcessBootstrap.runNoExit(Ljava/lang/String;[Ljava/lang/String;)V+159
j  org.gradle.launcher.bootstrap.ProcessBootstrap.run(Ljava/lang/String;[Ljava/lang/String;)V+2
j  java.lang.invoke.LambdaForm$DMH+0x0000000801008400.invokeStatic(Ljava/lang/Object;Ljava/lang/Object;Ljava/lang/Object;)V+11 java.base@19.0.2
j  java.lang.invoke.LambdaForm$MH+0x0000000801009c00.invoke(Ljava/lang/Object;Ljava/lang/Object;Ljava/lang/Object;Ljava/lang/Object;)Ljava/lang/Object;+54 java.base@19.0.2
j  java.lang.invoke.LambdaForm$MH+0x000000080100a000.invokeExact_MT(Ljava/lang/Object;Ljava/lang/Object;Ljava/lang/Object;Ljava/lang/Object;Ljava/lang/Object;)Ljava/lang/Object;+22 java.base@19.0.2
j  jdk.internal.reflect.DirectMethodHandleAccessor.invokeImpl(Ljava/lang/Object;[Ljava/lang/Object;)Ljava/lang/Object;+72 java.base@19.0.2
j  jdk.internal.reflect.DirectMethodHandleAccessor.invoke(Ljava/lang/Object;[Ljava/lang/Object;)Ljava/lang/Object;+23 java.base@19.0.2
j  java.lang.reflect.Method.invoke(Ljava/lang/Object;[Ljava/lang/Object;)Ljava/lang/Object;+102 java.base@19.0.2
j  org.gradle.launcher.GradleMain.main([Ljava/lang/String;)V+100
j  java.lang.invoke.LambdaForm$DMH+0x0000000801004400.invokeStatic(Ljava/lang/Object;Ljava/lang/Object;)V+10 java.base@19.0.2
j  java.lang.invoke.LambdaForm$MH+0x0000000801008000.invoke(Ljava/lang/Object;Ljava/lang/Object;Ljava/lang/Object;)Ljava/lang/Object;+33 java.base@19.0.2
j  java.lang.invoke.Invokers$Holder.invokeExact_MT(Ljava/lang/Object;Ljava/lang/Object;Ljava/lang/Object;Ljava/lang/Object;)Ljava/lang/Object;+20 java.base@19.0.2
j  jdk.internal.reflect.DirectMethodHandleAccessor.invokeImpl(Ljava/lang/Object;[Ljava/lang/Object;)Ljava/lang/Object;+55 java.base@19.0.2
j  jdk.internal.reflect.DirectMethodHandleAccessor.invoke(Ljava/lang/Object;[Ljava/lang/Object;)Ljava/lang/Object;+23 java.base@19.0.2
j  java.lang.reflect.Method.invoke(Ljava/lang/Object;[Ljava/lang/Object;)Ljava/lang/Object;+102 java.base@19.0.2
j  org.gradle.wrapper.BootstrapMainStarter.start([Ljava/lang/String;Ljava/io/File;)V+105
j  org.gradle.wrapper.WrapperExecutor.execute([Ljava/lang/String;Lorg/gradle/wrapper/Install;Lorg/gradle/wrapper/BootstrapMainStarter;)V+14
j  org.gradle.wrapper.GradleWrapperMain.main([Ljava/lang/String;)V+206
v  ~StubRoutines::call_stub 0x0000015c9bc9100e

---------------  P R O C E S S  ---------------

Threads class SMR info:
_java_thread_list=0x0000015caa014980, length=12, elements={
0x0000015c8c7ef120, 0x0000015ca5da2200, 0x0000015ca5da2ff0, 0x0000015ca5da5800,
0x0000015ca5da9250, 0x0000015ca5daa320, 0x0000015ca5dab3f0, 0x0000015ca5db31b0,
0x0000015ca5db7b30, 0x0000015ca5dc3080, 0x0000015caa046fa0, 0x0000015caa04a960
}

Java Threads: ( => current thread )
=>0x0000015c8c7ef120 JavaThread "main" [_thread_in_vm, id=19672, stack(0x00000057db200000,0x00000057db300000)]
  0x0000015ca5da2200 JavaThread "Reference Handler" daemon [_thread_blocked, id=13236, stack(0x00000057db900000,0x00000057dba00000)]
  0x0000015ca5da2ff0 JavaThread "Finalizer" daemon [_thread_blocked, id=14760, stack(0x00000057dba00000,0x00000057dbb00000)]
  0x0000015ca5da5800 JavaThread "Signal Dispatcher" daemon [_thread_blocked, id=3548, stack(0x00000057dbb00000,0x00000057dbc00000)]
  0x0000015ca5da9250 JavaThread "Attach Listener" daemon [_thread_blocked, id=19608, stack(0x00000057dbc00000,0x00000057dbd00000)]
  0x0000015ca5daa320 JavaThread "Service Thread" daemon [_thread_blocked, id=7452, stack(0x00000057dbd00000,0x00000057dbe00000)]
  0x0000015ca5dab3f0 JavaThread "Monitor Deflation Thread" daemon [_thread_blocked, id=20396, stack(0x00000057dbe00000,0x00000057dbf00000)]
  0x0000015ca5db31b0 JavaThread "C2 CompilerThread0" daemon [_thread_blocked, id=17124, stack(0x00000057dbf00000,0x00000057dc000000)]
  0x0000015ca5db7b30 JavaThread "C1 CompilerThread0" daemon [_thread_blocked, id=3528, stack(0x00000057dc000000,0x00000057dc100000)]
  0x0000015ca5dc3080 JavaThread "Sweeper thread" daemon [_thread_blocked, id=16044, stack(0x00000057dc100000,0x00000057dc200000)]
  0x0000015caa046fa0 JavaThread "Notification Thread" daemon [_thread_blocked, id=18544, stack(0x00000057dc200000,0x00000057dc300000)]
  0x0000015caa04a960 JavaThread "Common-Cleaner" daemon [_thread_blocked, id=16460, stack(0x00000057dc400000,0x00000057dc500000)]

Other Threads:
  0x0000015ca5d8a0c0 VMThread "VM Thread" [stack: 0x00000057db800000,0x00000057db900000] [id=9436]
  0x0000015caa0494f0 WatcherThread "VM Periodic Task Thread" [stack: 0x00000057dc300000,0x00000057dc400000] [id=6324]
  0x0000015c8c815a80 WorkerThread "GC Thread#0" [stack: 0x00000057db300000,0x00000057db400000] [id=2312]
  0x0000015caa4120b0 WorkerThread "GC Thread#1" [stack: 0x00000057dc500000,0x00000057dc600000] [id=16088]
  0x0000015caa3df9d0 WorkerThread "GC Thread#2" [stack: 0x00000057dc600000,0x00000057dc700000] [id=10732]
  0x0000015caa3dfca0 WorkerThread "GC Thread#3" [stack: 0x00000057dc700000,0x00000057dc800000] [id=9632]
  0x0000015c8c817380 ConcurrentGCThread "G1 Main Marker" [stack: 0x00000057db400000,0x00000057db500000] [id=14840]
  0x0000015c8c818550 WorkerThread "G1 Conc#0" [stack: 0x00000057db500000,0x00000057db600000] [id=16132]
  0x0000015c8c86c300 ConcurrentGCThread "G1 Refine#0" [stack: 0x00000057db600000,0x00000057db700000] [id=18164]
  0x0000015c8c86ce40 ConcurrentGCThread "G1 Service" [stack: 0x00000057db700000,0x00000057db800000] [id=19336]

Threads with active compile tasks:

VM state: not at safepoint (normal execution)

VM Mutex/Monitor currently owned by a thread:  ([mutex/lock_event])
[0x0000015c8c7e9e40] Metaspace_lock - owner thread: 0x0000015c8c7ef120

OutOfMemory and StackOverflow Exception counts:
OutOfMemoryError java_heap_errors=1
LinkageErrors=5

Heap address: 0x00000000fc000000, size: 64 MB, Compressed Oops mode: 32-bit

CDS archive(s) mapped at: [0x0000000800000000-0x0000000800c40000-0x0000000800c40000), size 12845056, SharedBaseAddress: 0x0000000800000000, ArchiveRelocationMode: 0.
Compressed class space mapped at: 0x0000000801000000-0x0000000841000000, reserved size: 1073741824
Narrow klass base: 0x0000000800000000, Narrow klass shift: 0, Narrow klass range: 0x100000000

GC Precious Log:
 CardTable entry size: 512
 Card Set container configuration: InlinePtr #cards 5 size 8 Array Of Cards #cards 12 size 40 Howl #buckets 4 coarsen threshold 1843 Howl Bitmap #cards 512 size 80 coarsen threshold 460 Card regions per heap region 1 cards per card region 2048
 CPUs: 4 total, 4 available
 Memory: 8103M
 Large Page Support: Disabled
 NUMA Support: Disabled
 Compressed Oops: Enabled (32-bit)
 Heap Region Size: 1M
 Heap Min Capacity: 64M
 Heap Initial Capacity: 64M
 Heap Max Capacity: 64M
 Pre-touch: Disabled
 Parallel Workers: 4
 Concurrent Workers: 1
 Concurrent Refinement Workers: 4
 Periodic GC: Disabled

Heap:
 garbage-first heap   total 65536K, used 3304K [0x00000000fc000000, 0x0000000100000000)
  region size 1024K, 4 young (4096K), 2 survivors (2048K)
 Metaspace       used 2125K, committed 2240K, reserved 1114112K
  class space    used 199K, committed 256K, reserved 1048576K

Heap Regions: E=young(eden), S=young(survivor), O=old, HS=humongous(starts), HC=humongous(continues), CS=collection set, F=free, OA=open archive, CA=closed archive, TAMS=top-at-mark-start (previous, next)
|   0|0x00000000fc000000, 0x00000000fc100000, 0x00000000fc100000|100%| O|  |TAMS 0x00000000fc000000, 0x00000000fc000000| Untracked 
|   1|0x00000000fc100000, 0x00000000fc13a200, 0x00000000fc200000| 22%| O|  |TAMS 0x00000000fc100000, 0x00000000fc100000| Untracked 
|   2|0x00000000fc200000, 0x00000000fc200000, 0x00000000fc300000|  0%| F|  |TAMS 0x00000000fc200000, 0x00000000fc200000| Untracked 
|   3|0x00000000fc300000, 0x00000000fc300000, 0x00000000fc400000|  0%| F|  |TAMS 0x00000000fc300000, 0x00000000fc300000| Untracked 
|   4|0x00000000fc400000, 0x00000000fc400000, 0x00000000fc500000|  0%| F|  |TAMS 0x00000000fc400000, 0x00000000fc400000| Untracked 
|   5|0x00000000fc500000, 0x00000000fc500000, 0x00000000fc600000|  0%| F|  |TAMS 0x00000000fc500000, 0x00000000fc500000| Untracked 
|   6|0x00000000fc600000, 0x00000000fc600000, 0x00000000fc700000|  0%| F|  |TAMS 0x00000000fc600000, 0x00000000fc600000| Untracked 
|   7|0x00000000fc700000, 0x00000000fc700000, 0x00000000fc800000|  0%| F|  |TAMS 0x00000000fc700000, 0x00000000fc700000| Untracked 
|   8|0x00000000fc800000, 0x00000000fc800000, 0x00000000fc900000|  0%| F|  |TAMS 0x00000000fc800000, 0x00000000fc800000| Untracked 
|   9|0x00000000fc900000, 0x00000000fc900000, 0x00000000fca00000|  0%| F|  |TAMS 0x00000000fc900000, 0x00000000fc900000| Untracked 
|  10|0x00000000fca00000, 0x00000000fca00000, 0x00000000fcb00000|  0%| F|  |TAMS 0x00000000fca00000, 0x00000000fca00000| Untracked 
|  11|0x00000000fcb00000, 0x00000000fcb00000, 0x00000000fcc00000|  0%| F|  |TAMS 0x00000000fcb00000, 0x00000000fcb00000| Untracked 
|  12|0x00000000fcc00000, 0x00000000fcc00000, 0x00000000fcd00000|  0%| F|  |TAMS 0x00000000fcc00000, 0x00000000fcc00000| Untracked 
|  13|0x00000000fcd00000, 0x00000000fcd00000, 0x00000000fce00000|  0%| F|  |TAMS 0x00000000fcd00000, 0x00000000fcd00000| Untracked 
|  14|0x00000000fce00000, 0x00000000fce00000, 0x00000000fcf00000|  0%| F|  |TAMS 0x00000000fce00000, 0x00000000fce00000| Untracked 
|  15|0x00000000fcf00000, 0x00000000fcf00000, 0x00000000fd000000|  0%| F|  |TAMS 0x00000000fcf00000, 0x00000000fcf00000| Untracked 
|  16|0x00000000fd000000, 0x00000000fd000000, 0x00000000fd100000|  0%| F|  |TAMS 0x00000000fd000000, 0x00000000fd000000| Untracked 
|  17|0x00000000fd100000, 0x00000000fd100000, 0x00000000fd200000|  0%| F|  |TAMS 0x00000000fd100000, 0x00000000fd100000| Untracked 
|  18|0x00000000fd200000, 0x00000000fd200000, 0x00000000fd300000|  0%| F|  |TAMS 0x00000000fd200000, 0x00000000fd200000| Untracked 
|  19|0x00000000fd300000, 0x00000000fd300000, 0x00000000fd400000|  0%| F|  |TAMS 0x00000000fd300000, 0x00000000fd300000| Untracked 
|  20|0x00000000fd400000, 0x00000000fd400000, 0x00000000fd500000|  0%| F|  |TAMS 0x00000000fd400000, 0x00000000fd400000| Untracked 
|  21|0x00000000fd500000, 0x00000000fd500000, 0x00000000fd600000|  0%| F|  |TAMS 0x00000000fd500000, 0x00000000fd500000| Untracked 
|  22|0x00000000fd600000, 0x00000000fd600000, 0x00000000fd700000|  0%| F|  |TAMS 0x00000000fd600000, 0x00000000fd600000| Untracked 
|  23|0x00000000fd700000, 0x00000000fd700000, 0x00000000fd800000|  0%| F|  |TAMS 0x00000000fd700000, 0x00000000fd700000| Untracked 
|  24|0x00000000fd800000, 0x00000000fd800000, 0x00000000fd900000|  0%| F|  |TAMS 0x00000000fd800000, 0x00000000fd800000| Untracked 
|  25|0x00000000fd900000, 0x00000000fd900000, 0x00000000fda00000|  0%| F|  |TAMS 0x00000000fd900000, 0x00000000fd900000| Untracked 
|  26|0x00000000fda00000, 0x00000000fda00000, 0x00000000fdb00000|  0%| F|  |TAMS 0x00000000fda00000, 0x00000000fda00000| Untracked 
|  27|0x00000000fdb00000, 0x00000000fdb00000, 0x00000000fdc00000|  0%| F|  |TAMS 0x00000000fdb00000, 0x00000000fdb00000| Untracked 
|  28|0x00000000fdc00000, 0x00000000fdc00000, 0x00000000fdd00000|  0%| F|  |TAMS 0x00000000fdc00000, 0x00000000fdc00000| Untracked 
|  29|0x00000000fdd00000, 0x00000000fdd00000, 0x00000000fde00000|  0%| F|  |TAMS 0x00000000fdd00000, 0x00000000fdd00000| Untracked 
|  30|0x00000000fde00000, 0x00000000fde00000, 0x00000000fdf00000|  0%| F|  |TAMS 0x00000000fde00000, 0x00000000fde00000| Untracked 
|  31|0x00000000fdf00000, 0x00000000fdf00000, 0x00000000fe000000|  0%| F|  |TAMS 0x00000000fdf00000, 0x00000000fdf00000| Untracked 
|  32|0x00000000fe000000, 0x00000000fe000000, 0x00000000fe100000|  0%| F|  |TAMS 0x00000000fe000000, 0x00000000fe000000| Untracked 
|  33|0x00000000fe100000, 0x00000000fe100000, 0x00000000fe200000|  0%| F|  |TAMS 0x00000000fe100000, 0x00000000fe100000| Untracked 
|  34|0x00000000fe200000, 0x00000000fe200000, 0x00000000fe300000|  0%| F|  |TAMS 0x00000000fe200000, 0x00000000fe200000| Untracked 
|  35|0x00000000fe300000, 0x00000000fe300000, 0x00000000fe400000|  0%| F|  |TAMS 0x00000000fe300000, 0x00000000fe300000| Untracked 
|  36|0x00000000fe400000, 0x00000000fe400000, 0x00000000fe500000|  0%| F|  |TAMS 0x00000000fe400000, 0x00000000fe400000| Untracked 
|  37|0x00000000fe500000, 0x00000000fe500000, 0x00000000fe600000|  0%| F|  |TAMS 0x00000000fe500000, 0x00000000fe500000| Untracked 
|  38|0x00000000fe600000, 0x00000000fe600000, 0x00000000fe700000|  0%| F|  |TAMS 0x00000000fe600000, 0x00000000fe600000| Untracked 
|  39|0x00000000fe700000, 0x00000000fe700000, 0x00000000fe800000|  0%| F|  |TAMS 0x00000000fe700000, 0x00000000fe700000| Untracked 
|  40|0x00000000fe800000, 0x00000000fe800000, 0x00000000fe900000|  0%| F|  |TAMS 0x00000000fe800000, 0x00000000fe800000| Untracked 
|  41|0x00000000fe900000, 0x00000000fe900000, 0x00000000fea00000|  0%| F|  |TAMS 0x00000000fe900000, 0x00000000fe900000| Untracked 
|  42|0x00000000fea00000, 0x00000000fea00000, 0x00000000feb00000|  0%| F|  |TAMS 0x00000000fea00000, 0x00000000fea00000| Untracked 
|  43|0x00000000feb00000, 0x00000000feb00000, 0x00000000fec00000|  0%| F|  |TAMS 0x00000000feb00000, 0x00000000feb00000| Untracked 
|  44|0x00000000fec00000, 0x00000000fec00000, 0x00000000fed00000|  0%| F|  |TAMS 0x00000000fec00000, 0x00000000fec00000| Untracked 
|  45|0x00000000fed00000, 0x00000000fed00000, 0x00000000fee00000|  0%| F|  |TAMS 0x00000000fed00000, 0x00000000fed00000| Untracked 
|  46|0x00000000fee00000, 0x00000000fee00000, 0x00000000fef00000|  0%| F|  |TAMS 0x00000000fee00000, 0x00000000fee00000| Untracked 
|  47|0x00000000fef00000, 0x00000000fef00000, 0x00000000ff000000|  0%| F|  |TAMS 0x00000000fef00000, 0x00000000fef00000| Untracked 
|  48|0x00000000ff000000, 0x00000000ff000000, 0x00000000ff100000|  0%| F|  |TAMS 0x00000000ff000000, 0x00000000ff000000| Untracked 
|  49|0x00000000ff100000, 0x00000000ff200000, 0x00000000ff200000|100%| S|CS|TAMS 0x00000000ff100000, 0x00000000ff100000| Complete 
|  50|0x00000000ff200000, 0x00000000ff300000, 0x00000000ff300000|100%| S|CS|TAMS 0x00000000ff200000, 0x00000000ff200000| Complete 
|  51|0x00000000ff300000, 0x00000000ff300000, 0x00000000ff400000|  0%| F|  |TAMS 0x00000000ff300000, 0x00000000ff300000| Untracked 
|  52|0x00000000ff400000, 0x00000000ff400000, 0x00000000ff500000|  0%| F|  |TAMS 0x00000000ff400000, 0x00000000ff400000| Untracked 
|  53|0x00000000ff500000, 0x00000000ff500000, 0x00000000ff600000|  0%| F|  |TAMS 0x00000000ff500000, 0x00000000ff500000| Untracked 
|  54|0x00000000ff600000, 0x00000000ff600000, 0x00000000ff700000|  0%| F|  |TAMS 0x00000000ff600000, 0x00000000ff600000| Untracked 
|  55|0x00000000ff700000, 0x00000000ff700000, 0x00000000ff800000|  0%| F|  |TAMS 0x00000000ff700000, 0x00000000ff700000| Untracked 
|  56|0x00000000ff800000, 0x00000000ff800000, 0x00000000ff900000|  0%| F|  |TAMS 0x00000000ff800000, 0x00000000ff800000| Untracked 
|  57|0x00000000ff900000, 0x00000000ff900000, 0x00000000ffa00000|  0%| F|  |TAMS 0x00000000ff900000, 0x00000000ff900000| Untracked 
|  58|0x00000000ffa00000, 0x00000000ffa00000, 0x00000000ffb00000|  0%| F|  |TAMS 0x00000000ffa00000, 0x00000000ffa00000| Untracked 
|  59|0x00000000ffb00000, 0x00000000ffb00000, 0x00000000ffc00000|  0%| F|  |TAMS 0x00000000ffb00000, 0x00000000ffb00000| Untracked 
|  60|0x00000000ffc00000, 0x00000000ffc00000, 0x00000000ffd00000|  0%| F|  |TAMS 0x00000000ffc00000, 0x00000000ffc00000| Untracked 
|  61|0x00000000ffd00000, 0x00000000ffd00000, 0x00000000ffe00000|  0%| F|  |TAMS 0x00000000ffd00000, 0x00000000ffd00000| Untracked 
|  62|0x00000000ffe00000, 0x00000000ffef1eb0, 0x00000000fff00000| 94%| E|  |TAMS 0x00000000ffe00000, 0x00000000ffe00000| Complete 
|  63|0x00000000fff00000, 0x0000000100000000, 0x0000000100000000|100%| E|  |TAMS 0x00000000fff00000, 0x00000000fff00000| Complete 

Card table byte_map: [0x0000015c8a7a0000,0x0000015c8a7c0000] _byte_map_base: 0x0000015c89fc0000

Marking Bits (Prev, Next): (CMBitMap*) 0x0000015c8c8160b0, (CMBitMap*) 0x0000015c8c8160f0
 Prev Bits: [0x0000015c8c5e0000, 0x0000015c8c6e0000)
 Next Bits: [0x0000015ca3760000, 0x0000015ca3860000)

Polling page: 0x0000015c8a750000

Metaspace:

Usage:
  Non-class:      1.88 MB used.
      Class:    199.60 KB used.
       Both:      2.08 MB used.

Virtual space:
  Non-class space:       64.00 MB reserved,       1.94 MB (  3%) committed,  1 nodes.
      Class space:        1.00 GB reserved,     256.00 KB ( <1%) committed,  1 nodes.
             Both:        1.06 GB reserved,       2.19 MB ( <1%) committed. 

Chunk freelists:
   Non-Class:  3.52 MB
       Class:  3.62 MB
        Both:  7.14 MB

MaxMetaspaceSize: unlimited
CompressedClassSpaceSize: 1.00 GB
Initial GC threshold: 21.00 MB
Current GC threshold: 21.00 MB
CDS: on
MetaspaceReclaimPolicy: balanced
 - commit_granule_bytes: 65536.
 - commit_granule_words: 8192.
 - virtual_space_node_default_size: 8388608.
 - enlarge_chunks_in_place: 1.
 - new_chunks_are_fully_committed: 0.
 - uncommit_free_chunks: 1.
 - use_allocation_guard: 0.


Internal statistics:

num_allocs_failed_limit: 0.
num_arena_births: 44.
num_arena_deaths: 0.
num_vsnodes_births: 2.
num_vsnodes_deaths: 0.
num_space_committed: 35.
num_space_uncommitted: 0.
num_chunks_returned_to_freelist: 0.
num_chunks_taken_from_freelist: 90.
num_chunk_merges: 0.
num_chunk_splits: 48.
num_chunks_enlarged: 34.
num_inconsistent_stats: 0.

CodeHeap 'non-profiled nmethods': size=120000Kb used=226Kb max_used=226Kb free=119773Kb
 bounds [0x0000015c9c230000, 0x0000015c9c4a0000, 0x0000015ca3760000]
CodeHeap 'profiled nmethods': size=120000Kb used=1204Kb max_used=1204Kb free=118795Kb
 bounds [0x0000015c94760000, 0x0000015c949d0000, 0x0000015c9bc90000]
CodeHeap 'non-nmethods': size=5760Kb used=1214Kb max_used=1229Kb free=4545Kb
 bounds [0x0000015c9bc90000, 0x0000015c9bf00000, 0x0000015c9c230000]
 total_blobs=1088 nmethods=672 adapters=327
 compilation: enabled
              stopped_count=0, restarted_count=0
 full_count=0

Compilation events (20 events):
Event: 2.086 Thread 0x0000015ca5db7b30  663       1       sun.nio.fs.NativeBuffer::owner (5 bytes)
Event: 2.086 Thread 0x0000015ca5db7b30 nmethod 663 0x0000015c9c268290 code [0x0000015c9c268420, 0x0000015c9c2684d8]
Event: 2.147 Thread 0x0000015ca5db7b30  664       3       sun.net.util.URLUtil::urlNoFragString (114 bytes)
Event: 2.148 Thread 0x0000015ca5db7b30 nmethod 664 0x0000015c94881910 code [0x0000015c94881c20, 0x0000015c94882bb8]
Event: 2.149 Thread 0x0000015ca5db7b30  665       3       java.security.AccessController::checkContext (49 bytes)
Event: 2.149 Thread 0x0000015ca5db7b30 nmethod 665 0x0000015c94883190 code [0x0000015c94883340, 0x0000015c94883518]
Event: 2.151 Thread 0x0000015ca5db7b30  666       3       java.util.Arrays::fill (21 bytes)
Event: 2.151 Thread 0x0000015ca5db7b30 nmethod 666 0x0000015c94883610 code [0x0000015c948837c0, 0x0000015c94883958]
Event: 2.156 Thread 0x0000015ca5db7b30  667       3       java.util.zip.ZipFile$Source::initCEN (612 bytes)
Event: 2.160 Thread 0x0000015ca5db7b30 nmethod 667 0x0000015c94883a90 code [0x0000015c94883fa0, 0x0000015c94886ea8]
Event: 2.173 Thread 0x0000015ca5db7b30  668       3       sun.net.util.IPAddressUtil::scan (92 bytes)
Event: 2.174 Thread 0x0000015ca5db7b30 nmethod 668 0x0000015c94888110 code [0x0000015c94888380, 0x0000015c94888ef8]
Event: 2.190 Thread 0x0000015ca5db7b30  669       3       java.io.WinNTFileSystem::normalizePrefix (132 bytes)
Event: 2.192 Thread 0x0000015ca5db31b0  670       4       java.nio.DirectLongBufferU::ix (10 bytes)
Event: 2.193 Thread 0x0000015ca5db31b0 nmethod 670 0x0000015c9c268590 code [0x0000015c9c268700, 0x0000015c9c268778]
Event: 2.193 Thread 0x0000015ca5db7b30 nmethod 669 0x0000015c94889410 code [0x0000015c94889820, 0x0000015c9488b908]
Event: 2.198 Thread 0x0000015ca5db7b30  671       3       java.util.Collections$UnmodifiableCollection$1::hasNext (10 bytes)
Event: 2.198 Thread 0x0000015ca5db7b30 nmethod 671 0x0000015c9488c590 code [0x0000015c9488c740, 0x0000015c9488c908]
Event: 2.198 Thread 0x0000015ca5db7b30  672       3       java.util.HashMap$HashIterator::nextNode (100 bytes)
Event: 2.198 Thread 0x0000015ca5db7b30 nmethod 672 0x0000015c9488ca10 code [0x0000015c9488cc00, 0x0000015c9488d138]

GC Heap History (2 events):
Event: 1.906 GC heap before
{Heap before GC invocations=0 (full 0):
 garbage-first heap   total 65536K, used 12288K [0x00000000fc000000, 0x0000000100000000)
  region size 1024K, 13 young (13312K), 0 survivors (0K)
 Metaspace       used 1866K, committed 2048K, reserved 1114112K
  class space    used 165K, committed 256K, reserved 1048576K
}
Event: 1.918 GC heap after
{Heap after GC invocations=1 (full 0):
 garbage-first heap   total 65536K, used 3304K [0x00000000fc000000, 0x0000000100000000)
  region size 1024K, 2 young (2048K), 2 survivors (2048K)
 Metaspace       used 1866K, committed 2048K, reserved 1114112K
  class space    used 165K, committed 256K, reserved 1048576K
}

Dll operation events (7 events):
Event: 0.022 Loaded shared library C:\Program Files\Java\jdk-19\bin\java.dll
Event: 0.096 Loaded shared library C:\Program Files\Java\jdk-19\bin\jsvml.dll
Event: 0.250 Loaded shared library C:\Program Files\Java\jdk-19\bin\net.dll
Event: 0.257 Loaded shared library C:\Program Files\Java\jdk-19\bin\nio.dll
Event: 0.263 Loaded shared library C:\Program Files\Java\jdk-19\bin\zip.dll
Event: 1.637 Loaded shared library C:\Program Files\Java\jdk-19\bin\jimage.dll
Event: 1.993 Loaded shared library C:\Program Files\Java\jdk-19\bin\verify.dll

Deoptimization events (20 events):
Event: 0.630 Thread 0x0000015c8c7ef120 DEOPT PACKING pc=0x0000015c9477c1e7 sp=0x00000057db2fdf90
Event: 0.630 Thread 0x0000015c8c7ef120 DEOPT UNPACKING pc=0x0000015c9bcf7543 sp=0x00000057db2fd3b0 mode 0
Event: 0.913 Thread 0x0000015c8c7ef120 DEOPT PACKING pc=0x0000015c947da03e sp=0x00000057db2fe870
Event: 0.914 Thread 0x0000015c8c7ef120 DEOPT UNPACKING pc=0x0000015c9bcf7543 sp=0x00000057db2fdce8 mode 0
Event: 0.914 Thread 0x0000015c8c7ef120 DEOPT PACKING pc=0x0000015c947905fe sp=0x00000057db2fe870
Event: 0.914 Thread 0x0000015c8c7ef120 DEOPT UNPACKING pc=0x0000015c9bcf7543 sp=0x00000057db2fdce0 mode 0
Event: 0.914 Thread 0x0000015c8c7ef120 DEOPT PACKING pc=0x0000015c947da03e sp=0x00000057db2fe870
Event: 0.914 Thread 0x0000015c8c7ef120 DEOPT UNPACKING pc=0x0000015c9bcf7543 sp=0x00000057db2fdce8 mode 0
Event: 0.914 Thread 0x0000015c8c7ef120 DEOPT PACKING pc=0x0000015c947905fe sp=0x00000057db2fe870
Event: 0.914 Thread 0x0000015c8c7ef120 DEOPT UNPACKING pc=0x0000015c9bcf7543 sp=0x00000057db2fdce0 mode 0
Event: 1.030 Thread 0x0000015c8c7ef120 DEOPT PACKING pc=0x0000015c947d1612 sp=0x00000057db2fe6b0
Event: 1.031 Thread 0x0000015c8c7ef120 DEOPT UNPACKING pc=0x0000015c9bcf7543 sp=0x00000057db2fdb70 mode 0
Event: 1.051 Thread 0x0000015c8c7ef120 DEOPT PACKING pc=0x0000015c947d1612 sp=0x00000057db2fe620
Event: 1.051 Thread 0x0000015c8c7ef120 DEOPT UNPACKING pc=0x0000015c9bcf7543 sp=0x00000057db2fdae0 mode 0
Event: 1.744 Thread 0x0000015c8c7ef120 Uncommon trap: trap_request=0xffffff45 fr.pc=0x0000015c9c2526d4 relative=0x0000000000000714
Event: 1.744 Thread 0x0000015c8c7ef120 Uncommon trap: reason=unstable_if action=reinterpret pc=0x0000015c9c2526d4 method=java.util.zip.ZipFile$Source.checkAndAddEntry(II)I @ 50 c2
Event: 1.744 Thread 0x0000015c8c7ef120 DEOPT PACKING pc=0x0000015c9c2526d4 sp=0x00000057db2fdfb0
Event: 1.745 Thread 0x0000015c8c7ef120 DEOPT UNPACKING pc=0x0000015c9bcf6da3 sp=0x00000057db2fdf20 mode 2
Event: 1.938 Thread 0x0000015c8c7ef120 DEOPT PACKING pc=0x0000015c947a65ee sp=0x00000057db2fbfe0
Event: 1.939 Thread 0x0000015c8c7ef120 DEOPT UNPACKING pc=0x0000015c9bcf7543 sp=0x00000057db2fb4a0 mode 0

Classes loaded (20 events):
Event: 2.001 Loading class java/util/concurrent/LinkedBlockingQueue
Event: 2.001 Loading class java/util/concurrent/BlockingQueue
Event: 2.001 Loading class java/util/concurrent/BlockingQueue done
Event: 2.001 Loading class java/util/AbstractQueue
Event: 2.002 Loading class java/util/AbstractQueue done
Event: 2.002 Loading class java/util/concurrent/LinkedBlockingQueue done
Event: 2.002 Loading class java/util/concurrent/LinkedBlockingQueue$Node
Event: 2.002 Loading class java/util/concurrent/LinkedBlockingQueue$Node done
Event: 2.003 Loading class java/lang/SecurityException
Event: 2.003 Loading class java/lang/SecurityException done
Event: 2.004 Loading class java/net/URLClassLoader$3
Event: 2.004 Loading class java/net/URLClassLoader$3 done
Event: 2.004 Loading class java/net/URLClassLoader$3$1
Event: 2.004 Loading class java/net/URLClassLoader$3$1 done
Event: 2.195 Loading class java/util/zip/DataFormatException
Event: 2.196 Loading class java/util/zip/DataFormatException done
Event: 2.197 Loading class java/lang/StackTraceElement$HashedModules
Event: 2.197 Loading class java/lang/StackTraceElement$HashedModules done
Event: 2.198 Loading class java/lang/ExceptionInInitializerError
Event: 2.198 Loading class java/lang/ExceptionInInitializerError done

Classes unloaded (0 events):
No events

Classes redefined (0 events):
No events

Internal exceptions (6 events):
Event: 0.577 Thread 0x0000015c8c7ef120 Exception <a 'java/lang/NoSuchMethodError'{0x00000000ffde2308}: 'void java.lang.invoke.DirectMethodHandle$Holder.invokeStatic(java.lang.Object, java.lang.Object)'> (0x00000000ffde2308) 
thrown [s\open\src\hotspot\share\interpreter\linkResolver.cpp, line 774]
Event: 0.579 Thread 0x0000015c8c7ef120 Exception <a 'java/lang/NoSuchMethodError'{0x00000000ffde6140}: 'void java.lang.invoke.DirectMethodHandle$Holder.invokeSpecial(java.lang.Object, java.lang.Object, java.lang.Object)'> (0x00000000ffde6140) 
thrown [s\open\src\hotspot\share\interpreter\linkResolver.cpp, line 774]
Event: 0.626 Thread 0x0000015c8c7ef120 Exception <a 'java/lang/NoSuchMethodError'{0x00000000ffc3a930}: 'void java.lang.invoke.DirectMethodHandle$Holder.invokeStatic(java.lang.Object, java.lang.Object, java.lang.Object)'> (0x00000000ffc3a930) 
thrown [s\open\src\hotspot\share\interpreter\linkResolver.cpp, line 774]
Event: 0.630 Thread 0x0000015c8c7ef120 Exception <a 'java/lang/NoSuchMethodError'{0x00000000ffc4de18}: 'java.lang.Object java.lang.invoke.Invokers$Holder.invokeExact_MT(java.lang.Object, java.lang.Object, java.lang.Object, java.lang.Object, java.lang.Object)'> (0x00000000ffc4de18) 
thrown [s\open\src\hotspot\share\interpreter\linkResolver.cpp, line 774]
Event: 0.653 Thread 0x0000015c8c7ef120 Exception <a 'java/lang/NoSuchMethodError'{0x00000000ffcb9ce8}: 'int java.lang.invoke.DirectMethodHandle$Holder.invokeStaticInit(java.lang.Object, java.lang.Object)'> (0x00000000ffcb9ce8) 
thrown [s\open\src\hotspot\share\interpreter\linkResolver.cpp, line 774]
Event: 2.195 Thread 0x0000015c8c7ef120 Exception <a 'java/lang/OutOfMemoryError'{0x00000000ffed0770}> (0x00000000ffed0770) 
thrown [s\open\src\hotspot\share\prims\jni.cpp, line 536]

VM Operations (6 events):
Event: 0.265 Executing VM operation: HandshakeAllThreads
Event: 0.265 Executing VM operation: HandshakeAllThreads done
Event: 1.283 Executing VM operation: Cleanup
Event: 1.283 Executing VM operation: Cleanup done
Event: 1.905 Executing VM operation: G1CollectForAllocation
Event: 1.918 Executing VM operation: G1CollectForAllocation done

Events (12 events):
Event: 0.096 Thread 0x0000015c8c7ef120 Thread added: 0x0000015c8c7ef120
Event: 0.125 Thread 0x0000015ca5da2200 Thread added: 0x0000015ca5da2200
Event: 0.126 Thread 0x0000015ca5da2ff0 Thread added: 0x0000015ca5da2ff0
Event: 0.126 Thread 0x0000015ca5da5800 Thread added: 0x0000015ca5da5800
Event: 0.126 Thread 0x0000015ca5da9250 Thread added: 0x0000015ca5da9250
Event: 0.126 Thread 0x0000015ca5daa320 Thread added: 0x0000015ca5daa320
Event: 0.127 Thread 0x0000015ca5dab3f0 Thread added: 0x0000015ca5dab3f0
Event: 0.127 Thread 0x0000015ca5db31b0 Thread added: 0x0000015ca5db31b0
Event: 0.127 Thread 0x0000015ca5db7b30 Thread added: 0x0000015ca5db7b30
Event: 0.127 Thread 0x0000015ca5dc3080 Thread added: 0x0000015ca5dc3080
Event: 0.234 Thread 0x0000015caa046fa0 Thread added: 0x0000015caa046fa0
Event: 0.238 Thread 0x0000015caa04a960 Thread added: 0x0000015caa04a960


Dynamic libraries:
0x00007ff751e10000 - 0x00007ff751e20000 	C:\Program Files\Java\jdk-19\bin\java.exe
0x00007ff85bf90000 - 0x00007ff85c187000 	C:\Windows\SYSTEM32\ntdll.dll
0x00007ff85a0a0000 - 0x00007ff85a15d000 	C:\Windows\System32\KERNEL32.DLL
0x00007ff859670000 - 0x00007ff859966000 	C:\Windows\System32\KERNELBASE.dll
0x00007ff859ef0000 - 0x00007ff859ff0000 	C:\Windows\System32\ucrtbase.dll
0x00007ff8528c0000 - 0x00007ff8528db000 	C:\Program Files\Java\jdk-19\bin\VCRUNTIME140.dll
0x00007ff853ee0000 - 0x00007ff853ef8000 	C:\Program Files\Java\jdk-19\bin\jli.dll
0x00007ff85b3d0000 - 0x00007ff85b47e000 	C:\Windows\System32\ADVAPI32.dll
0x00007ff85b330000 - 0x00007ff85b3ce000 	C:\Windows\System32\msvcrt.dll
0x00007ff85b480000 - 0x00007ff85b51c000 	C:\Windows\System32\sechost.dll
0x00007ff85a210000 - 0x00007ff85a336000 	C:\Windows\System32\RPCRT4.dll
0x00007ff85ac20000 - 0x00007ff85adbe000 	C:\Windows\System32\USER32.dll
0x00007ff859b00000 - 0x00007ff859b22000 	C:\Windows\System32\win32u.dll
0x00007ff85b5f0000 - 0x00007ff85b61c000 	C:\Windows\System32\GDI32.dll
0x00007ff859970000 - 0x00007ff859a8a000 	C:\Windows\System32\gdi32full.dll
0x00007ff859cf0000 - 0x00007ff859d8d000 	C:\Windows\System32\msvcp_win.dll
0x00007ff84d750000 - 0x00007ff84d9ea000 	C:\Windows\WinSxS\amd64_microsoft.windows.common-controls_6595b64144ccf1df_6.0.19041.3570_none_60bb2a3971f3e41a\COMCTL32.dll
0x00007ff852650000 - 0x00007ff85265a000 	C:\Windows\SYSTEM32\VERSION.dll
0x00007ff85a3b0000 - 0x00007ff85a3e0000 	C:\Windows\System32\IMM32.DLL
0x00007ff8528b0000 - 0x00007ff8528bc000 	C:\Program Files\Java\jdk-19\bin\vcruntime140_1.dll
0x00007ff848360000 - 0x00007ff8483ee000 	C:\Program Files\Java\jdk-19\bin\msvcp140.dll
0x00007ff814b70000 - 0x00007ff815830000 	C:\Program Files\Java\jdk-19\bin\server\jvm.dll
0x00007ff8528a0000 - 0x00007ff8528a9000 	C:\Windows\SYSTEM32\WSOCK32.dll
0x00007ff84f080000 - 0x00007ff84f0a7000 	C:\Windows\SYSTEM32\WINMM.dll
0x00007ff85a340000 - 0x00007ff85a3ab000 	C:\Windows\System32\WS2_32.dll
0x00007ff857510000 - 0x00007ff857522000 	C:\Windows\SYSTEM32\kernel.appcore.dll
0x00007ff852890000 - 0x00007ff85289a000 	C:\Program Files\Java\jdk-19\bin\jimage.dll
0x00007ff848c50000 - 0x00007ff848e34000 	C:\Windows\SYSTEM32\DBGHELP.DLL
0x00007ff849780000 - 0x00007ff8497b4000 	C:\Windows\SYSTEM32\dbgcore.DLL
0x00007ff859c60000 - 0x00007ff859ce2000 	C:\Windows\System32\bcryptPrimitives.dll
0x00007ff848470000 - 0x00007ff848496000 	C:\Program Files\Java\jdk-19\bin\java.dll
0x00007ff81f3b0000 - 0x00007ff81f487000 	C:\Program Files\Java\jdk-19\bin\jsvml.dll
0x00007ff85b750000 - 0x00007ff85be94000 	C:\Windows\System32\SHELL32.dll
0x00007ff857710000 - 0x00007ff857eab000 	C:\Windows\SYSTEM32\windows.storage.dll
0x00007ff85a8b0000 - 0x00007ff85ac04000 	C:\Windows\System32\combase.dll
0x00007ff858fe0000 - 0x00007ff85900d000 	C:\Windows\SYSTEM32\Wldp.dll
0x00007ff85bea0000 - 0x00007ff85bf4d000 	C:\Windows\System32\SHCORE.dll
0x00007ff85a3e0000 - 0x00007ff85a435000 	C:\Windows\System32\shlwapi.dll
0x00007ff8595a0000 - 0x00007ff8595c5000 	C:\Windows\SYSTEM32\profapi.dll
0x00007ff852870000 - 0x00007ff852883000 	C:\Program Files\Java\jdk-19\bin\net.dll
0x00007ff852160000 - 0x00007ff85226a000 	C:\Windows\SYSTEM32\WINHTTP.dll
0x00007ff858d40000 - 0x00007ff858daa000 	C:\Windows\system32\mswsock.dll
0x00007ff84aa50000 - 0x00007ff84aa66000 	C:\Program Files\Java\jdk-19\bin\nio.dll
0x00007ff8497d0000 - 0x00007ff8497e8000 	C:\Program Files\Java\jdk-19\bin\zip.dll
0x00007ff848460000 - 0x00007ff848470000 	C:\Program Files\Java\jdk-19\bin\verify.dll

dbghelp: loaded successfully - version: 4.0.5 - missing functions: none
symbol engine: initialized successfully - sym options: 0x614 - pdb path: .;C:\Program Files\Java\jdk-19\bin;C:\Windows\SYSTEM32;C:\Windows\WinSxS\amd64_microsoft.windows.common-controls_6595b64144ccf1df_6.0.19041.3570_none_60bb2a3971f3e41a;C:\Program Files\Java\jdk-19\bin\server

VM Arguments:
jvm_args: -Xmx64m -Xms64m -Dorg.gradle.appname=gradlew 
java_command: org.gradle.wrapper.GradleWrapperMain tasks
java_class_path (initial): D:\ReactNative\fdd_mobile\android\\gradle\wrapper\gradle-wrapper.jar
Launcher Type: SUN_STANDARD

[Global flags]
     intx CICompilerCount                          = 3                                         {product} {ergonomic}
     uint ConcGCThreads                            = 1                                         {product} {ergonomic}
     uint G1ConcRefinementThreads                  = 4                                         {product} {ergonomic}
   size_t G1HeapRegionSize                         = 1048576                                   {product} {ergonomic}
    uintx GCDrainStackTargetSize                   = 64                                        {product} {ergonomic}
   size_t InitialHeapSize                          = 67108864                                  {product} {command line}
   size_t MarkStackSize                            = 4194304                                   {product} {ergonomic}
   size_t MaxHeapSize                              = 67108864                                  {product} {command line}
   size_t MaxNewSize                               = 39845888                                  {product} {ergonomic}
   size_t MinHeapDeltaBytes                        = 1048576                                   {product} {ergonomic}
   size_t MinHeapSize                              = 67108864                                  {product} {command line}
    uintx NonNMethodCodeHeapSize                   = 5832780                                {pd product} {ergonomic}
    uintx NonProfiledCodeHeapSize                  = 122912730                              {pd product} {ergonomic}
    uintx ProfiledCodeHeapSize                     = 122912730                              {pd product} {ergonomic}
    uintx ReservedCodeCacheSize                    = 251658240                              {pd product} {ergonomic}
     bool SegmentedCodeCache                       = true                                      {product} {ergonomic}
   size_t SoftMaxHeapSize                          = 67108864                               {manageable} {ergonomic}
     bool UseCompressedClassPointers               = true                           {product lp64_product} {ergonomic}
     bool UseCompressedOops                        = true                           {product lp64_product} {ergonomic}
     bool UseG1GC                                  = true                                      {product} {ergonomic}
     bool UseLargePagesIndividualAllocation        = false                                  {pd product} {ergonomic}

Logging:
Log output configuration:
 #0: stdout all=warning uptime,level,tags foldmultilines=false
 #1: stderr all=off uptime,level,tags foldmultilines=false

Environment Variables:
CLASSPATH=D:\ReactNative\fdd_mobile\android\\gradle\wrapper\gradle-wrapper.jar
PATH=D:\ReactNative\fdd_mobile\node_modules\.bin;D:\ReactNative\node_modules\.bin;D:\node_modules\.bin;C:\Users\rwd31\AppData\Roaming\npm\node_modules\npm\node_modules\@npmcli\run-script\lib\node-gyp-bin;C:\Program Files\Common Files\Oracle\Java\javapath;C:\Program Files (x86)\Common Files\Oracle\Java\javapath;C:\Windows\system32;C:\Windows;C:\Windows\System32\Wbem;C:\Windows\System32\WindowsPowerShell\v1.0\;C:\Windows\System32\OpenSSH\;C:\Program Files\dotnet\;C:\Program Files (x86)\NVIDIA Corporation\PhysX\Common;C:\Program Files\Git\cmd;C:\Program Files\Cloudflare\Cloudflare WARP\;C:\Program Files\nodejs\;C:\Program Files\NVIDIA Corporation\NVIDIA NvDLISR;C:\xampp\php;C:\ProgramData\ComposerSetup\bin;C:\Program Files\Go\bin;C:\Program Files\MySQL\MySQL Shell 8.0\bin\;C:\Users\rwd31\AppData\Local\Microsoft\WindowsApps;C:\Users\rwd31\AppData\Roaming\npm;C:\Users\rwd31\AppData\Roaming\Composer\vendor\bin;C:\Users\rwd31\.dotnet\tools;C:\Users\rwd31\AppData\Local\Programs\Python\Python38;C:\Users\rwd31\AppData\Local\Programs\Python\Python38\Scripts;C:\Users\rwd31\AppData\Local\Android\Sdk\platform-tools;C:\Users\rwd31\go\bin;C:\Users\rwd31\AppData\Local\Programs\Microsoft VS Code\bin
USERNAME=Valerica Lynn
LANG=en_US.UTF-8
OS=Windows_NT
PROCESSOR_IDENTIFIER=Intel64 Family 6 Model 61 Stepping 4, GenuineIntel
TMP=C:\Users\rwd31\AppData\Local\Temp
TEMP=C:\Users\rwd31\AppData\Local\Temp



---------------  S Y S T E M  ---------------

OS:
 Windows 10 , 64 bit Build 19041 (10.0.19041.3570)
OS uptime: 1 days 6:22 hours

CPU: total 4 (initial active 4) (2 cores per cpu, 2 threads per core) family 6 model 61 stepping 4 microcode 0x2d, cx8, cmov, fxsr, ht, mmx, 3dnowpref, sse, sse2, sse3, ssse3, sse4.1, sse4.2, popcnt, lzcnt, tsc, tscinvbit, avx, avx2, aes, erms, clmul, bmi1, bmi2, adx, fma, vzeroupper, clflush, rdtscp

Memory: 4k page, system-wide physical 8103M (631M free)
TotalPageFile size 18103M (AvailPageFile size 77M)
current process WorkingSet (physical memory assigned to process): 55M, peak: 55M
current process commit charge ("private bytes"): 143M, peak: 143M

vm_info: Java HotSpot(TM) 64-Bit Server VM (19.0.2+7-44) for windows-amd64 JRE (19.0.2+7-44), built on 2022-11-30T18:02:09Z by "mach5one" with MS VC++ 17.1 (VS2022)

END.
